▲ Next.js 16.1.6 (Turbopack)
- Local:         http://localhost:3000
- Network:       http://198.18.0.1:3000
- Environments: .env.local

✓ Starting...
Creating turbopack project { dir: 'D:\\Software\\画板\\apps\\web', testMode: true }
✓ Ready in 1738ms
 GET / 200 in 1577ms (compile: 1018ms, proxy.ts: 94ms, generate-params: 566ms, render: 465ms)
 GET / 200 in 243ms (compile: 25ms, proxy.ts: 33ms, generate-params: 17ms, render: 184ms)
✓ Compiled in 1666ms
✓ Compiled in 179ms
 GET / 200 in 501ms (compile: 196ms, proxy.ts: 10ms, generate-params: 16ms, render: 295ms)
 GET / 200 in 154ms (compile: 20ms, proxy.ts: 8ms, generate-params: 13ms, render: 127ms)
✓ Compiled in 257ms
✓ Compiled in 124ms
 GET / 200 in 418ms (compile: 143ms, proxy.ts: 15ms, generate-params: 13ms, render: 261ms)
✓ Compiled in 110ms
 GET / 200 in 421ms (compile: 127ms, proxy.ts: 21ms, generate-params: 15ms, render: 273ms)
 GET / 200 in 167ms (compile: 25ms, proxy.ts: 12ms, generate-params: 20ms, render: 130ms)
 GET / 200 in 176ms (compile: 20ms, proxy.ts: 26ms, generate-params: 15ms, render: 130ms)
✓ Compiled in 180ms
✓ Compiled in 261ms
✓ Compiled in 99ms
✓ Compiled in 111ms
 GET / 200 in 412ms (compile: 142ms, proxy.ts: 8ms, generate-params: 14ms, render: 262ms)
✓ Compiled in 127ms
 GET / 200 in 416ms (compile: 120ms, proxy.ts: 17ms, generate-params: 13ms, render: 279ms)
✓ Compiled in 188ms
 GET / 200 in 277ms (compile: 174ms, proxy.ts: 12ms, generate-params: 28ms, render: 91ms)
 GET / 200 in 261ms (compile: 17ms, proxy.ts: 12ms, generate-params: 12ms, render: 232ms)
✓ Compiled in 98ms
 GET / 200 in 369ms (compile: 109ms, proxy.ts: 12ms, generate-params: 13ms, render: 248ms)
✓ Compiled in 113ms
 GET / 200 in 386ms (compile: 112ms, proxy.ts: 8ms, generate-params: 12ms, render: 266ms)
✓ Compiled in 208ms
 GET / 200 in 464ms (compile: 125ms, proxy.ts: 15ms, generate-params: 14ms, render: 324ms)
 GET / 200 in 153ms (compile: 21ms, proxy.ts: 6ms, generate-params: 16ms, render: 126ms)
 GET / 200 in 162ms (compile: 23ms, proxy.ts: 18ms, generate-params: 13ms, render: 121ms)
✓ Compiled in 170ms
 GET / 200 in 459ms (compile: 154ms, proxy.ts: 20ms, generate-params: 15ms, render: 285ms)
✓ Compiled in 166ms
 GET / 200 in 475ms (compile: 142ms, proxy.ts: 31ms, generate-params: 12ms, render: 303ms)
✓ Compiled in 111ms
 GET / 200 in 420ms (compile: 112ms, proxy.ts: 16ms, generate-params: 14ms, render: 291ms)
 GET / 200 in 172ms (compile: 19ms, proxy.ts: 20ms, generate-params: 13ms, render: 133ms)
✓ Compiled in 168ms
 GET / 200 in 788ms (compile: 124ms, proxy.ts: 12ms, generate-params: 12ms, render: 651ms)
 GET / 500 in 553ms (compile: 9ms, proxy.ts: 10ms, generate-params: 30µs, render: 534ms)
 GET / 500 in 590ms (compile: 128ms, proxy.ts: 18ms, generate-params: 12ms, render: 444ms)
 GET / 500 in 663ms (compile: 156ms, proxy.ts: 10ms, generate-params: 13ms, render: 497ms)
✓ Compiled in 110ms
 GET / 500 in 606ms (compile: 158ms, proxy.ts: 15ms, generate-params: 13ms, render: 434ms)
 GET / 200 in 594ms (compile: 256ms, proxy.ts: 14ms, generate-params: 12ms, render: 324ms)
✓ Compiled in 204ms
✓ Compiled in 134ms
✓ Compiled in 182ms
✓ Compiled in 163ms
 GET / 200 in 208ms (compile: 123ms, proxy.ts: 14ms, generate-params: 15ms, render: 72ms)
 GET / 200 in 216ms (compile: 121ms, proxy.ts: 9ms, generate-params: 12ms, render: 87ms)
✓ Compiled in 95ms
✓ Compiled in 111ms
✓ Compiled in 125ms
✓ Compiled in 113ms
✓ Compiled in 148ms
✓ Compiled in 100ms
✓ Compiled in 136ms
✓ Compiled in 128ms
✓ Compiled in 202ms
✓ Compiled in 112ms
 GET / 200 in 483ms (compile: 145ms, proxy.ts: 20ms, generate-params: 16ms, render: 318ms)
✓ Compiled in 395ms
✓ Compiled in 109ms
✓ Compiled in 126ms
✓ Compiled in 103ms
✓ Compiled in 156ms
